<?xml version="1.0" encoding="UTF-8"?>
<!-- Generated by org.testng.reporters.JUnitReportReporter -->
<testsuite hostname="Vishuu" failures="0" tests="1" name="mavenProject.ExtentReports.ExtentReportsDemo" time="11.531" errors="0" timestamp="2025-07-26T23:03:35 IST" skipped="0">
  <testcase classname="mavenProject.ExtentReports.ExtentReportsDemo" name="initialDemo" time="11.531"/>
</testsuite> <!-- mavenProject.ExtentReports.ExtentReportsDemo -->
