<?xml version="1.0" encoding="UTF-8"?>
<!-- Generated by org.testng.reporters.JUnitReportReporter -->
<testsuite hostname="Vishuu" failures="0" tests="1" name="mavenProject.ExtentReports.ExtentReportsDemo" time="10.329" errors="0" timestamp="2025-07-02T23:03:39 IST" skipped="0">
  <testcase classname="mavenProject.ExtentReports.ExtentReportsDemo" name="initialDemo" time="10.329"/>
</testsuite> <!-- mavenProject.ExtentReports.ExtentReportsDemo -->
